{
  "RSpec": {
    "coverage": {
      "/Users/terramanning/home/turing_work/4mod/Gamify_Tasks/gamified-task-manager-api/app/errors/service_error.rb": {
        "lines": [
          1,
          1,
          null,
          1,
          7,
          7,
          null,
          null
        ]
      },
      "/Users/terramanning/home/turing_work/4mod/Gamify_Tasks/gamified-task-manager-api/app/models/reward.rb": {
        "lines": [
          1,
          1,
          1,
          1,
          null,
          1,
          1,
          1,
          null
        ]
      },
      "/Users/terramanning/home/turing_work/4mod/Gamify_Tasks/gamified-task-manager-api/app/models/application_record.rb": {
        "lines": [
          1,
          1,
          null
        ]
      },
      "/Users/terramanning/home/turing_work/4mod/Gamify_Tasks/gamified-task-manager-api/app/models/task.rb": {
        "lines": [
          1,
          1,
          null,
          1,
          1,
          null,
          1,
          null,
          1,
          1,
          1,
          1,
          null,
          3,
          null,
          1,
          null,
          1,
          47,
          null,
          null,
          1,
          47,
          null,
          null
        ]
      },
      "/Users/terramanning/home/turing_work/4mod/Gamify_Tasks/gamified-task-manager-api/app/models/theme.rb": {
        "lines": [
          1,
          1,
          null
        ]
      },
      "/Users/terramanning/home/turing_work/4mod/Gamify_Tasks/gamified-task-manager-api/app/models/user_reward.rb": {
        "lines": [
          1,
          1,
          1,
          null,
          1,
          1,
          null
        ]
      },
      "/Users/terramanning/home/turing_work/4mod/Gamify_Tasks/gamified-task-manager-api/app/models/user.rb": {
        "lines": [
          1,
          1,
          null,
          1,
          1,
          null,
          1,
          1,
          1,
          null,
          1,
          1,
          1,
          null
        ]
      },
      "/Users/terramanning/home/turing_work/4mod/Gamify_Tasks/gamified-task-manager-api/app/queries/task_query.rb": {
        "lines": [
          1,
          1,
          2,
          null,
          null,
          1,
          1,
          null,
          null,
          1,
          1,
          null,
          null,
          1,
          1,
          null,
          null,
          1,
          0,
          null,
          null
        ]
      },
      "/Users/terramanning/home/turing_work/4mod/Gamify_Tasks/gamified-task-manager-api/app/serializers/error_message_serializer.rb": {
        "lines": [
          1,
          1,
          null,
          6,
          null,
          null,
          null,
          null,
          null,
          null,
          null,
          null
        ]
      },
      "/Users/terramanning/home/turing_work/4mod/Gamify_Tasks/gamified-task-manager-api/app/serializers/error_serializer.rb": {
        "lines": [
          1,
          1,
          null,
          2,
          null,
          5,
          null,
          null,
          null,
          null,
          null,
          null
        ]
      },
      "/Users/terramanning/home/turing_work/4mod/Gamify_Tasks/gamified-task-manager-api/app/serializers/user_serializer.rb": {
        "lines": [
          1,
          1,
          null,
          1,
          null,
          1,
          4,
          null,
          null,
          1,
          4,
          null,
          null
        ]
      },
      "/Users/terramanning/home/turing_work/4mod/Gamify_Tasks/gamified-task-manager-api/app/services/auth_service.rb": {
        "lines": [
          1,
          1,
          null,
          1,
          7,
          7,
          null,
          null,
          1,
          6,
          3,
          null,
          1,
          1,
          null,
          2,
          2,
          null,
          null
        ]
      },
      "/Users/terramanning/home/turing_work/4mod/Gamify_Tasks/gamified-task-manager-api/app/services/task_service.rb": {
        "lines": [
          1,
          1,
          6,
          null,
          null,
          1,
          2,
          2,
          1,
          null,
          1,
          null,
          null,
          null,
          1,
          2,
          1,
          null,
          1,
          null,
          null,
          null,
          1,
          2,
          null,
          1,
          null,
          null
        ]
      },
      "/Users/terramanning/home/turing_work/4mod/Gamify_Tasks/gamified-task-manager-api/app/services/user_service.rb": {
        "lines": [
          1,
          1,
          null,
          1,
          2,
          null,
          2,
          1,
          1,
          null,
          1,
          null,
          null,
          null
        ]
      },
      "/Users/terramanning/home/turing_work/4mod/Gamify_Tasks/gamified-task-manager-api/app/controllers/api/v1/sessions_controller.rb": {
        "lines": [
          null,
          1,
          1,
          1,
          1,
          null,
          1,
          2,
          2,
          1,
          1,
          null,
          null,
          null,
          null,
          1,
          null,
          null,
          null,
          null,
          null
        ]
      },
      "/Users/terramanning/home/turing_work/4mod/Gamify_Tasks/gamified-task-manager-api/app/controllers/application_controller.rb": {
        "lines": [
          1,
          1,
          1,
          null,
          1,
          null,
          1,
          null,
          1,
          2,
          2,
          null,
          2,
          1,
          1,
          null,
          null,
          2,
          null,
          null,
          1,
          0,
          null,
          null,
          1,
          1,
          null,
          null,
          1,
          0,
          null,
          null
        ]
      },
      "/Users/terramanning/home/turing_work/4mod/Gamify_Tasks/gamified-task-manager-api/app/controllers/api/v1/tasks_controller.rb": {
        "lines": [
          1,
          1,
          1,
          null,
          1,
          1,
          1,
          null,
          null,
          1,
          0,
          null,
          null,
          1,
          0,
          0,
          null,
          0,
          null,
          null,
          1,
          0,
          0,
          null,
          0,
          null,
          null,
          1,
          0,
          0,
          null,
          0,
          null,
          null,
          null,
          1,
          null,
          1,
          0,
          null,
          null,
          null,
          null,
          null,
          null,
          null,
          null,
          null,
          null,
          null,
          null,
          null,
          null,
          null,
          null,
          1,
          0,
          0,
          null,
          null,
          1,
          4,
          4,
          null,
          4,
          1,
          1,
          null,
          3,
          null,
          null,
          null,
          1,
          3,
          null,
          null,
          1,
          0,
          null,
          null
        ]
      },
      "/Users/terramanning/home/turing_work/4mod/Gamify_Tasks/gamified-task-manager-api/app/serializers/task_serializer.rb": {
        "lines": [
          1,
          1,
          null,
          1,
          null,
          1,
          null
        ]
      },
      "/Users/terramanning/home/turing_work/4mod/Gamify_Tasks/gamified-task-manager-api/app/controllers/api/v1/users_controller.rb": {
        "lines": [
          1,
          1,
          1,
          1,
          null,
          1,
          2,
          null,
          2,
          1,
          null,
          null,
          null,
          null,
          1,
          null,
          null,
          null,
          1,
          1,
          1,
          null,
          0,
          null,
          null,
          null,
          1,
          null,
          1,
          2,
          null,
          null,
          null,
          null
        ]
      },
      "/Users/terramanning/home/turing_work/4mod/Gamify_Tasks/gamified-task-manager-api/app/jobs/application_job.rb": {
        "lines": [
          0,
          null,
          null,
          null,
          null,
          null,
          0
        ],
        "branches": {}
      },
      "/Users/terramanning/home/turing_work/4mod/Gamify_Tasks/gamified-task-manager-api/app/mailers/application_mailer.rb": {
        "lines": [
          0,
          0,
          0,
          0
        ],
        "branches": {}
      }
    },
    "timestamp": 1741718937
  }
}
